2016-12-02 12:18:34 LogFactory.java DEBUG Logging initialized using 'class org.apache.ibatis.logging.log4j.Log4jImpl' adapter.
2016-12-02 12:18:34 PooledDataSource.java DEBUG PooledDataSource forcefully closed/removed all connections.
2016-12-02 12:18:34 PooledDataSource.java DEBUG PooledDataSource forcefully closed/removed all connections.
2016-12-02 12:18:34 PooledDataSource.java DEBUG PooledDataSource forcefully closed/removed all connections.
2016-12-02 12:18:34 PooledDataSource.java DEBUG PooledDataSource forcefully closed/removed all connections.
2016-12-02 12:18:34 JdbcTransaction.java DEBUG Opening JDBC Connection
2016-12-02 12:18:35 PooledDataSource.java DEBUG Created connection 1427810650.
2016-12-02 12:18:35 JdbcTransaction.java DEBUG Setting autocommit to false on JDBC Connection [com.mysql.jdbc.JDBC4Connection@551aa95a]
2016-12-02 12:18:35 BaseJdbcLogger.java DEBUG ==>  Preparing: select ID, DTA_DATE, PROD_SPEC_ID, INTEGRATION_CD, USER_ID, VALUE_ADDED_AMT, CAILING_AMT, CAILING_AMOUNT, SP_SMS_AMT, SP_SMS_AMOUNT, INTERNET_AMT, INTERNET_TOT_BYTES, INTERNET_DUR, INTERNET_ONLINE_TIMES, INTERNET_BILLED_DUR, I1X_AMT, I1X_TOT_BYTES, I1X_DUR, I1X_ONLINE_TIMES, I1X_BILLED_DUR, I1X_LOC_AMT, I1X_LOC_TOT_BYTES, I1X_LOC_DUR, I1X_LOC_ONLINE_TIMES, I1X_LOC_BILLED_DUR, I1X_MY_AMT, I1X_MY_TOT_BYTES, I1X_MY_DUR, I1X_MY_ONLINE_TIMES, I1X_MY_BILLED_DUR, WLAN_AMT, WLAN_TOT_BYTES, WLAN_DUR, WLAN_ONLINE_TIMES, WLAN_BILLED_DUR, WLAN_LOC_AMT, WLAN_LOC_TOT_BYTES, WLAN_LOC_DUR, WLAN_LOC_ONLINE_TIMES, WLAN_LOC_BILLED_DUR, WLAN_MY_AMT, WLAN_MY_TOT_BYTES, WLAN_MY_DUR, WLAN_MY_ONLINE_TIMES, WLAN_MY_BILLED_DUR, I3G_AMT, I3G_TOT_BYTES, I3G_DUR, I3G_ONLINE_TIMES, I3G_BILLED_DUR, I3G_LOC_AMT, I3G_LOC_TOT_BYTES, I3G_LOC_DUR, I3G_LOC_ONLINE_TIMES, I3G_LOC_BILLED_DUR, I3G_MY_AMT, I3G_MY_TOT_BYTES, I3G_MY_DUR, I3G_MY_ONLINE_TIMES, I3G_MY_BILLED_DUR, INNER_SEND_SMS_AMT, INNER_SEND_SMS_TIMES, INTER_SEND_SMS_AMT, INTER_SEND_SMS_TIMES, VOICE_TIMES, VOICE_DUR, VOICE_AMT, VOICE_BILLED_DUR, VOICE_CALLING_TIMES, VOICE_CALLING_DUR, VOICE_CALLING_AMT, VOICE_CALLING_BILLED_DUR, VOICE_CALLED_TIMES, VOICE_CALLED_DUR, VOICE_CALLED_AMT, VOICE_CALLED_BILLED_DUR, LOC_CALLING_TIMES, LOC_CALLING_DUR, LOC_CALLING_AMT, LOC_CALLING_BILLED_DUR, DDD_CALLING_TIMES, DDD_CALLING_DUR, DDD_CALLING_AMT, DDD_CALLING_BILLED_DUR, IDD_CALLING_TIMES, IDD_CALLING_DUR, IDD_CALLING_AMT, IDD_CALLING_BILLED_DUR, GAT_CALLING_TIMES, GAT_CALLING_DUR, GAT_CALLING_AMT, GAT_CALLING_BILLED_DUR, INNER_MY_CALLING_TIMES, INNER_MY_CALLING_DUR, INNER_MY_CALLING_AMT, INNER_MY_CALLING_BILLED_DUR, INTER_MY_CALLING_TIMES, INTER_MY_CALLING_DUR, INTER_MY_CALLING_AMT, INTER_MY_CALLING_BILLED_DUR, GAT_MY_CALLING_TIMES, GAT_MY_CALLING_DUR, GAT_MY_CALLING_AMT, GAT_MY_CALLING_BILLED_DUR, LOC_CALLED_TIMES, LOC_CALLED_DUR, LOC_CALLED_AMT, LOC_CALLED_BILLED_DUR, INNER_MY_CALLED_TIMES, INNER_MY_CALLED_DUR, INNER_MY_CALLED_AMT, INNER_MY_CALLED_BILLED_DUR, INTER_MY_CALLED_TIMES, INTER_MY_CALLED_DUR, INTER_MY_CALLED_AMT, INTER_MY_CALLED_BILLED_DUR, GAT_MY_CALLED_TIMES, GAT_MY_CALLED_DUR, GAT_MY_CALLED_AMT, GAT_MY_CALLED_BILLED_DUR, PROD_INST_CID, CUST_CID, ACNT_CID, TOTAL_AMT, TOTAL_RENTAL_AMT, TOTAL_USE_AMT, ITEM_DEVICE_MODEL, DEVICE_CLASS, G_TYPE, UNIT_PRICE, IF_WAP, IF_NET, WAP_TIMES, NET_TIMES, WAP_GROSS_BYTES, NET_GROSS_BYTES, RECEIVE_1X, RECEIVE_1X_M, SEND_1X, SEND_1X_M, RECEIVE_EVDO, RECEIVE_EVDO_M, SEND_EVDO, SEND_EVDO_M, RECEIVE_WIFI, RECEIVE_WIFI_M, SEND_WIFI, SEND_WIFI_M, IF_TYSX_BILL_FLAG, IF_LIVE_FLAG, IF_QQ, QQ_DTIMES, MMS_TIMES, SPMMS_TIMES, IF_SMS_FLAG, TIMES_SMS_SEND, IF_189MAIL_ACTIVE_FLAG, I4G_AMT, I4G_TOT_BYTES, I4G_DUR, I4G_ONLINE_TIMES, I4G_BILLED_DUR, I4G_LOC_AMT, I4G_LOC_TOT_BYTES, I4G_LOC_DUR, I4G_LOC_ONLINE_TIMES, I4G_LOC_BILLED_DUR, I4G_MY_AMT_IN, I4G_MY_AMT_OUT, I4G_MY_TOT_BYTES_IN, I4G_MY_TOT_BYTES_OUT, I4G_MY_DUR_IN, I4G_MY_DUR_OUT, I4G_MY_ONLINE_TIMES_IN, I4G_MY_ONLINE_TIMES_OUT, I4G_MY_BILLED_DUR_IN, I4G_MY_BILLED_DUR_OUT, PROM_NUM, PROM_NAME, SALE_POLICY_NAME, PROM_START_DT, PROM_END_DT from cdma where ID = ? 
2016-12-02 12:18:35 BaseJdbcLogger.java DEBUG ==> Parameters: 341545(Integer)
2016-12-02 12:18:35 BaseJdbcLogger.java DEBUG <==      Total: 1
2016-12-02 12:18:35 JdbcTransaction.java DEBUG Resetting autocommit to true on JDBC Connection [com.mysql.jdbc.JDBC4Connection@551aa95a]
2016-12-02 12:18:35 JdbcTransaction.java DEBUG Closing JDBC Connection [com.mysql.jdbc.JDBC4Connection@551aa95a]
2016-12-02 12:18:35 PooledDataSource.java DEBUG Returned connection 1427810650 to pool.
2016-12-02 12:18:35 JdbcTransaction.java DEBUG Opening JDBC Connection
2016-12-02 12:18:35 PooledDataSource.java DEBUG Checked out connection 1427810650 from pool.
2016-12-02 12:18:35 JdbcTransaction.java DEBUG Setting autocommit to false on JDBC Connection [com.mysql.jdbc.JDBC4Connection@551aa95a]
2016-12-02 12:18:35 BaseJdbcLogger.java DEBUG ==>  Preparing: insert into reBilling (RECORD_ID, PACKAGE_ID, TOTAL_RENTAL_AMT, TOTAL_USE_AMT, TOTAL_AMT, VALUE_ADDED_AMT, CAILING_AMT, SP_SMS_AMT, INTERNET_AMT, WLAN_AMT, INNER_SEND_SMS_AMT, INTER_SEND_SMS_AMT, VOICE_AMT, VOICE_CALLING_AMT, VOICE_CALLED_AMT, LOC_CALLING_AMT, DDD_CALLING_AMT, IDD_CALLING_AMT, GAT_CALLING_AMT, INNER_MY_CALLING_AMT, INTER_MY_CALLING_AMT, GAT_MY_CALLING_AMT, LOC_CALLED_AMT, INNER_MY_CALLED_AMT, INTER_MY_CALLED_AMT, GAT_MY_CALLED_AMT, MMS_AMT ) values (?, ?, ?, ?, ?, ?, ?, ?, ?, ?, ?, ?, ?, ?, ?, ?, ?, ?, ?, ?, ?, ?, ?, ?, ?, ?, ? ) 
2016-12-02 12:18:35 BaseJdbcLogger.java DEBUG ==> Parameters: 341545(Integer), 2-U4L76L4(String), 0(Integer), 1575(Integer), 1575(Integer), 259(Integer), 0(Integer), 0(Integer), 239(Integer), 0(Integer), 20(Integer), 0(Integer), 1316(Integer), 1316(Integer), 0(Integer), 840(Integer), 476(Integer), 0(Integer), 0(Integer), 0(Integer), 0(Integer), 0(Integer), 0(Integer), 0(Integer), 0(Integer), 0(Integer), 0(Integer)
2016-12-02 12:18:35 BaseJdbcLogger.java DEBUG <==    Updates: 1
2016-12-02 12:18:35 JdbcTransaction.java DEBUG Rolling back JDBC Connection [com.mysql.jdbc.JDBC4Connection@551aa95a]
2016-12-02 12:18:35 JdbcTransaction.java DEBUG Resetting autocommit to true on JDBC Connection [com.mysql.jdbc.JDBC4Connection@551aa95a]
2016-12-02 12:18:35 JdbcTransaction.java DEBUG Closing JDBC Connection [com.mysql.jdbc.JDBC4Connection@551aa95a]
2016-12-02 12:18:35 PooledDataSource.java DEBUG Returned connection 1427810650 to pool.
2016-12-02 12:23:22 LogFactory.java DEBUG Logging initialized using 'class org.apache.ibatis.logging.log4j.Log4jImpl' adapter.
2016-12-02 12:23:22 PooledDataSource.java DEBUG PooledDataSource forcefully closed/removed all connections.
2016-12-02 12:23:22 PooledDataSource.java DEBUG PooledDataSource forcefully closed/removed all connections.
2016-12-02 12:23:22 PooledDataSource.java DEBUG PooledDataSource forcefully closed/removed all connections.
2016-12-02 12:23:22 PooledDataSource.java DEBUG PooledDataSource forcefully closed/removed all connections.
2016-12-02 12:23:22 JdbcTransaction.java DEBUG Opening JDBC Connection
2016-12-02 12:23:22 PooledDataSource.java DEBUG Created connection 1427810650.
2016-12-02 12:23:22 JdbcTransaction.java DEBUG Setting autocommit to false on JDBC Connection [com.mysql.jdbc.JDBC4Connection@551aa95a]
2016-12-02 12:23:22 BaseJdbcLogger.java DEBUG ==>  Preparing: select ID, DTA_DATE, PROD_SPEC_ID, INTEGRATION_CD, USER_ID, VALUE_ADDED_AMT, CAILING_AMT, CAILING_AMOUNT, SP_SMS_AMT, SP_SMS_AMOUNT, INTERNET_AMT, INTERNET_TOT_BYTES, INTERNET_DUR, INTERNET_ONLINE_TIMES, INTERNET_BILLED_DUR, I1X_AMT, I1X_TOT_BYTES, I1X_DUR, I1X_ONLINE_TIMES, I1X_BILLED_DUR, I1X_LOC_AMT, I1X_LOC_TOT_BYTES, I1X_LOC_DUR, I1X_LOC_ONLINE_TIMES, I1X_LOC_BILLED_DUR, I1X_MY_AMT, I1X_MY_TOT_BYTES, I1X_MY_DUR, I1X_MY_ONLINE_TIMES, I1X_MY_BILLED_DUR, WLAN_AMT, WLAN_TOT_BYTES, WLAN_DUR, WLAN_ONLINE_TIMES, WLAN_BILLED_DUR, WLAN_LOC_AMT, WLAN_LOC_TOT_BYTES, WLAN_LOC_DUR, WLAN_LOC_ONLINE_TIMES, WLAN_LOC_BILLED_DUR, WLAN_MY_AMT, WLAN_MY_TOT_BYTES, WLAN_MY_DUR, WLAN_MY_ONLINE_TIMES, WLAN_MY_BILLED_DUR, I3G_AMT, I3G_TOT_BYTES, I3G_DUR, I3G_ONLINE_TIMES, I3G_BILLED_DUR, I3G_LOC_AMT, I3G_LOC_TOT_BYTES, I3G_LOC_DUR, I3G_LOC_ONLINE_TIMES, I3G_LOC_BILLED_DUR, I3G_MY_AMT, I3G_MY_TOT_BYTES, I3G_MY_DUR, I3G_MY_ONLINE_TIMES, I3G_MY_BILLED_DUR, INNER_SEND_SMS_AMT, INNER_SEND_SMS_TIMES, INTER_SEND_SMS_AMT, INTER_SEND_SMS_TIMES, VOICE_TIMES, VOICE_DUR, VOICE_AMT, VOICE_BILLED_DUR, VOICE_CALLING_TIMES, VOICE_CALLING_DUR, VOICE_CALLING_AMT, VOICE_CALLING_BILLED_DUR, VOICE_CALLED_TIMES, VOICE_CALLED_DUR, VOICE_CALLED_AMT, VOICE_CALLED_BILLED_DUR, LOC_CALLING_TIMES, LOC_CALLING_DUR, LOC_CALLING_AMT, LOC_CALLING_BILLED_DUR, DDD_CALLING_TIMES, DDD_CALLING_DUR, DDD_CALLING_AMT, DDD_CALLING_BILLED_DUR, IDD_CALLING_TIMES, IDD_CALLING_DUR, IDD_CALLING_AMT, IDD_CALLING_BILLED_DUR, GAT_CALLING_TIMES, GAT_CALLING_DUR, GAT_CALLING_AMT, GAT_CALLING_BILLED_DUR, INNER_MY_CALLING_TIMES, INNER_MY_CALLING_DUR, INNER_MY_CALLING_AMT, INNER_MY_CALLING_BILLED_DUR, INTER_MY_CALLING_TIMES, INTER_MY_CALLING_DUR, INTER_MY_CALLING_AMT, INTER_MY_CALLING_BILLED_DUR, GAT_MY_CALLING_TIMES, GAT_MY_CALLING_DUR, GAT_MY_CALLING_AMT, GAT_MY_CALLING_BILLED_DUR, LOC_CALLED_TIMES, LOC_CALLED_DUR, LOC_CALLED_AMT, LOC_CALLED_BILLED_DUR, INNER_MY_CALLED_TIMES, INNER_MY_CALLED_DUR, INNER_MY_CALLED_AMT, INNER_MY_CALLED_BILLED_DUR, INTER_MY_CALLED_TIMES, INTER_MY_CALLED_DUR, INTER_MY_CALLED_AMT, INTER_MY_CALLED_BILLED_DUR, GAT_MY_CALLED_TIMES, GAT_MY_CALLED_DUR, GAT_MY_CALLED_AMT, GAT_MY_CALLED_BILLED_DUR, PROD_INST_CID, CUST_CID, ACNT_CID, TOTAL_AMT, TOTAL_RENTAL_AMT, TOTAL_USE_AMT, ITEM_DEVICE_MODEL, DEVICE_CLASS, G_TYPE, UNIT_PRICE, IF_WAP, IF_NET, WAP_TIMES, NET_TIMES, WAP_GROSS_BYTES, NET_GROSS_BYTES, RECEIVE_1X, RECEIVE_1X_M, SEND_1X, SEND_1X_M, RECEIVE_EVDO, RECEIVE_EVDO_M, SEND_EVDO, SEND_EVDO_M, RECEIVE_WIFI, RECEIVE_WIFI_M, SEND_WIFI, SEND_WIFI_M, IF_TYSX_BILL_FLAG, IF_LIVE_FLAG, IF_QQ, QQ_DTIMES, MMS_TIMES, SPMMS_TIMES, IF_SMS_FLAG, TIMES_SMS_SEND, IF_189MAIL_ACTIVE_FLAG, I4G_AMT, I4G_TOT_BYTES, I4G_DUR, I4G_ONLINE_TIMES, I4G_BILLED_DUR, I4G_LOC_AMT, I4G_LOC_TOT_BYTES, I4G_LOC_DUR, I4G_LOC_ONLINE_TIMES, I4G_LOC_BILLED_DUR, I4G_MY_AMT_IN, I4G_MY_AMT_OUT, I4G_MY_TOT_BYTES_IN, I4G_MY_TOT_BYTES_OUT, I4G_MY_DUR_IN, I4G_MY_DUR_OUT, I4G_MY_ONLINE_TIMES_IN, I4G_MY_ONLINE_TIMES_OUT, I4G_MY_BILLED_DUR_IN, I4G_MY_BILLED_DUR_OUT, PROM_NUM, PROM_NAME, SALE_POLICY_NAME, PROM_START_DT, PROM_END_DT from cdma where ID = ? 
2016-12-02 12:23:22 BaseJdbcLogger.java DEBUG ==> Parameters: 341545(Integer)
2016-12-02 12:23:22 BaseJdbcLogger.java DEBUG <==      Total: 1
2016-12-02 12:23:22 JdbcTransaction.java DEBUG Resetting autocommit to true on JDBC Connection [com.mysql.jdbc.JDBC4Connection@551aa95a]
2016-12-02 12:23:22 JdbcTransaction.java DEBUG Closing JDBC Connection [com.mysql.jdbc.JDBC4Connection@551aa95a]
2016-12-02 12:23:22 PooledDataSource.java DEBUG Returned connection 1427810650 to pool.
2016-12-02 12:23:22 JdbcTransaction.java DEBUG Opening JDBC Connection
2016-12-02 12:23:22 PooledDataSource.java DEBUG Checked out connection 1427810650 from pool.
2016-12-02 12:23:22 JdbcTransaction.java DEBUG Setting autocommit to false on JDBC Connection [com.mysql.jdbc.JDBC4Connection@551aa95a]
2016-12-02 12:23:22 BaseJdbcLogger.java DEBUG ==>  Preparing: insert into reBilling (RECORD_ID, PACKAGE_ID, TOTAL_RENTAL_AMT, TOTAL_USE_AMT, TOTAL_AMT, VALUE_ADDED_AMT, CAILING_AMT, SP_SMS_AMT, INTERNET_AMT, WLAN_AMT, INNER_SEND_SMS_AMT, INTER_SEND_SMS_AMT, VOICE_AMT, VOICE_CALLING_AMT, VOICE_CALLED_AMT, LOC_CALLING_AMT, DDD_CALLING_AMT, IDD_CALLING_AMT, GAT_CALLING_AMT, INNER_MY_CALLING_AMT, INTER_MY_CALLING_AMT, GAT_MY_CALLING_AMT, LOC_CALLED_AMT, INNER_MY_CALLED_AMT, INTER_MY_CALLED_AMT, GAT_MY_CALLED_AMT, MMS_AMT ) values (?, ?, ?, ?, ?, ?, ?, ?, ?, ?, ?, ?, ?, ?, ?, ?, ?, ?, ?, ?, ?, ?, ?, ?, ?, ?, ? ) 
2016-12-02 12:23:22 BaseJdbcLogger.java DEBUG ==> Parameters: 341545(Integer), 2-U4L76L4(String), 0(Integer), 1575(Integer), 1575(Integer), 259(Integer), 0(Integer), 0(Integer), 239(Integer), 0(Integer), 20(Integer), 0(Integer), 1316(Integer), 1316(Integer), 0(Integer), 840(Integer), 476(Integer), 0(Integer), 0(Integer), 0(Integer), 0(Integer), 0(Integer), 0(Integer), 0(Integer), 0(Integer), 0(Integer), 0(Integer)
2016-12-02 12:23:22 BaseJdbcLogger.java DEBUG <==    Updates: 1
2016-12-02 12:23:22 BaseJdbcLogger.java DEBUG ==>  Preparing: select RECORD_ID, PACKAGE_ID, TOTAL_RENTAL_AMT, TOTAL_USE_AMT, TOTAL_AMT, VALUE_ADDED_AMT, CAILING_AMT, SP_SMS_AMT, INTERNET_AMT, WLAN_AMT, INNER_SEND_SMS_AMT, INTER_SEND_SMS_AMT, VOICE_AMT, VOICE_CALLING_AMT, VOICE_CALLED_AMT, LOC_CALLING_AMT, DDD_CALLING_AMT, IDD_CALLING_AMT, GAT_CALLING_AMT, INNER_MY_CALLING_AMT, INTER_MY_CALLING_AMT, GAT_MY_CALLING_AMT, LOC_CALLED_AMT, INNER_MY_CALLED_AMT, INTER_MY_CALLED_AMT, GAT_MY_CALLED_AMT, MMS_AMT from reBilling where RECORD_ID = ? and PACKAGE_ID = ? 
2016-12-02 12:23:22 BaseJdbcLogger.java DEBUG ==> Parameters: 341545(Integer), 2-U4L76L4(String)
2016-12-02 12:23:22 BaseJdbcLogger.java DEBUG <==      Total: 1
2016-12-02 12:23:22 JdbcTransaction.java DEBUG Rolling back JDBC Connection [com.mysql.jdbc.JDBC4Connection@551aa95a]
2016-12-02 12:23:22 JdbcTransaction.java DEBUG Resetting autocommit to true on JDBC Connection [com.mysql.jdbc.JDBC4Connection@551aa95a]
2016-12-02 12:23:22 JdbcTransaction.java DEBUG Closing JDBC Connection [com.mysql.jdbc.JDBC4Connection@551aa95a]
2016-12-02 12:23:22 PooledDataSource.java DEBUG Returned connection 1427810650 to pool.
2016-12-02 12:24:07 LogFactory.java DEBUG Logging initialized using 'class org.apache.ibatis.logging.log4j.Log4jImpl' adapter.
2016-12-02 12:24:07 PooledDataSource.java DEBUG PooledDataSource forcefully closed/removed all connections.
2016-12-02 12:24:07 PooledDataSource.java DEBUG PooledDataSource forcefully closed/removed all connections.
2016-12-02 12:24:07 PooledDataSource.java DEBUG PooledDataSource forcefully closed/removed all connections.
2016-12-02 12:24:07 PooledDataSource.java DEBUG PooledDataSource forcefully closed/removed all connections.
2016-12-02 12:24:08 JdbcTransaction.java DEBUG Opening JDBC Connection
2016-12-02 12:24:08 PooledDataSource.java DEBUG Created connection 1427810650.
2016-12-02 12:24:08 JdbcTransaction.java DEBUG Setting autocommit to false on JDBC Connection [com.mysql.jdbc.JDBC4Connection@551aa95a]
2016-12-02 12:24:08 BaseJdbcLogger.java DEBUG ==>  Preparing: select ID, DTA_DATE, PROD_SPEC_ID, INTEGRATION_CD, USER_ID, VALUE_ADDED_AMT, CAILING_AMT, CAILING_AMOUNT, SP_SMS_AMT, SP_SMS_AMOUNT, INTERNET_AMT, INTERNET_TOT_BYTES, INTERNET_DUR, INTERNET_ONLINE_TIMES, INTERNET_BILLED_DUR, I1X_AMT, I1X_TOT_BYTES, I1X_DUR, I1X_ONLINE_TIMES, I1X_BILLED_DUR, I1X_LOC_AMT, I1X_LOC_TOT_BYTES, I1X_LOC_DUR, I1X_LOC_ONLINE_TIMES, I1X_LOC_BILLED_DUR, I1X_MY_AMT, I1X_MY_TOT_BYTES, I1X_MY_DUR, I1X_MY_ONLINE_TIMES, I1X_MY_BILLED_DUR, WLAN_AMT, WLAN_TOT_BYTES, WLAN_DUR, WLAN_ONLINE_TIMES, WLAN_BILLED_DUR, WLAN_LOC_AMT, WLAN_LOC_TOT_BYTES, WLAN_LOC_DUR, WLAN_LOC_ONLINE_TIMES, WLAN_LOC_BILLED_DUR, WLAN_MY_AMT, WLAN_MY_TOT_BYTES, WLAN_MY_DUR, WLAN_MY_ONLINE_TIMES, WLAN_MY_BILLED_DUR, I3G_AMT, I3G_TOT_BYTES, I3G_DUR, I3G_ONLINE_TIMES, I3G_BILLED_DUR, I3G_LOC_AMT, I3G_LOC_TOT_BYTES, I3G_LOC_DUR, I3G_LOC_ONLINE_TIMES, I3G_LOC_BILLED_DUR, I3G_MY_AMT, I3G_MY_TOT_BYTES, I3G_MY_DUR, I3G_MY_ONLINE_TIMES, I3G_MY_BILLED_DUR, INNER_SEND_SMS_AMT, INNER_SEND_SMS_TIMES, INTER_SEND_SMS_AMT, INTER_SEND_SMS_TIMES, VOICE_TIMES, VOICE_DUR, VOICE_AMT, VOICE_BILLED_DUR, VOICE_CALLING_TIMES, VOICE_CALLING_DUR, VOICE_CALLING_AMT, VOICE_CALLING_BILLED_DUR, VOICE_CALLED_TIMES, VOICE_CALLED_DUR, VOICE_CALLED_AMT, VOICE_CALLED_BILLED_DUR, LOC_CALLING_TIMES, LOC_CALLING_DUR, LOC_CALLING_AMT, LOC_CALLING_BILLED_DUR, DDD_CALLING_TIMES, DDD_CALLING_DUR, DDD_CALLING_AMT, DDD_CALLING_BILLED_DUR, IDD_CALLING_TIMES, IDD_CALLING_DUR, IDD_CALLING_AMT, IDD_CALLING_BILLED_DUR, GAT_CALLING_TIMES, GAT_CALLING_DUR, GAT_CALLING_AMT, GAT_CALLING_BILLED_DUR, INNER_MY_CALLING_TIMES, INNER_MY_CALLING_DUR, INNER_MY_CALLING_AMT, INNER_MY_CALLING_BILLED_DUR, INTER_MY_CALLING_TIMES, INTER_MY_CALLING_DUR, INTER_MY_CALLING_AMT, INTER_MY_CALLING_BILLED_DUR, GAT_MY_CALLING_TIMES, GAT_MY_CALLING_DUR, GAT_MY_CALLING_AMT, GAT_MY_CALLING_BILLED_DUR, LOC_CALLED_TIMES, LOC_CALLED_DUR, LOC_CALLED_AMT, LOC_CALLED_BILLED_DUR, INNER_MY_CALLED_TIMES, INNER_MY_CALLED_DUR, INNER_MY_CALLED_AMT, INNER_MY_CALLED_BILLED_DUR, INTER_MY_CALLED_TIMES, INTER_MY_CALLED_DUR, INTER_MY_CALLED_AMT, INTER_MY_CALLED_BILLED_DUR, GAT_MY_CALLED_TIMES, GAT_MY_CALLED_DUR, GAT_MY_CALLED_AMT, GAT_MY_CALLED_BILLED_DUR, PROD_INST_CID, CUST_CID, ACNT_CID, TOTAL_AMT, TOTAL_RENTAL_AMT, TOTAL_USE_AMT, ITEM_DEVICE_MODEL, DEVICE_CLASS, G_TYPE, UNIT_PRICE, IF_WAP, IF_NET, WAP_TIMES, NET_TIMES, WAP_GROSS_BYTES, NET_GROSS_BYTES, RECEIVE_1X, RECEIVE_1X_M, SEND_1X, SEND_1X_M, RECEIVE_EVDO, RECEIVE_EVDO_M, SEND_EVDO, SEND_EVDO_M, RECEIVE_WIFI, RECEIVE_WIFI_M, SEND_WIFI, SEND_WIFI_M, IF_TYSX_BILL_FLAG, IF_LIVE_FLAG, IF_QQ, QQ_DTIMES, MMS_TIMES, SPMMS_TIMES, IF_SMS_FLAG, TIMES_SMS_SEND, IF_189MAIL_ACTIVE_FLAG, I4G_AMT, I4G_TOT_BYTES, I4G_DUR, I4G_ONLINE_TIMES, I4G_BILLED_DUR, I4G_LOC_AMT, I4G_LOC_TOT_BYTES, I4G_LOC_DUR, I4G_LOC_ONLINE_TIMES, I4G_LOC_BILLED_DUR, I4G_MY_AMT_IN, I4G_MY_AMT_OUT, I4G_MY_TOT_BYTES_IN, I4G_MY_TOT_BYTES_OUT, I4G_MY_DUR_IN, I4G_MY_DUR_OUT, I4G_MY_ONLINE_TIMES_IN, I4G_MY_ONLINE_TIMES_OUT, I4G_MY_BILLED_DUR_IN, I4G_MY_BILLED_DUR_OUT, PROM_NUM, PROM_NAME, SALE_POLICY_NAME, PROM_START_DT, PROM_END_DT from cdma where ID = ? 
2016-12-02 12:24:08 BaseJdbcLogger.java DEBUG ==> Parameters: 341545(Integer)
2016-12-02 12:24:08 BaseJdbcLogger.java DEBUG <==      Total: 1
2016-12-02 12:24:08 JdbcTransaction.java DEBUG Resetting autocommit to true on JDBC Connection [com.mysql.jdbc.JDBC4Connection@551aa95a]
2016-12-02 12:24:08 JdbcTransaction.java DEBUG Closing JDBC Connection [com.mysql.jdbc.JDBC4Connection@551aa95a]
2016-12-02 12:24:08 PooledDataSource.java DEBUG Returned connection 1427810650 to pool.
2016-12-02 12:24:08 JdbcTransaction.java DEBUG Opening JDBC Connection
2016-12-02 12:24:08 PooledDataSource.java DEBUG Checked out connection 1427810650 from pool.
2016-12-02 12:24:08 JdbcTransaction.java DEBUG Setting autocommit to false on JDBC Connection [com.mysql.jdbc.JDBC4Connection@551aa95a]
2016-12-02 12:24:08 BaseJdbcLogger.java DEBUG ==>  Preparing: insert into reBilling (RECORD_ID, PACKAGE_ID, TOTAL_RENTAL_AMT, TOTAL_USE_AMT, TOTAL_AMT, VALUE_ADDED_AMT, CAILING_AMT, SP_SMS_AMT, INTERNET_AMT, WLAN_AMT, INNER_SEND_SMS_AMT, INTER_SEND_SMS_AMT, VOICE_AMT, VOICE_CALLING_AMT, VOICE_CALLED_AMT, LOC_CALLING_AMT, DDD_CALLING_AMT, IDD_CALLING_AMT, GAT_CALLING_AMT, INNER_MY_CALLING_AMT, INTER_MY_CALLING_AMT, GAT_MY_CALLING_AMT, LOC_CALLED_AMT, INNER_MY_CALLED_AMT, INTER_MY_CALLED_AMT, GAT_MY_CALLED_AMT, MMS_AMT ) values (?, ?, ?, ?, ?, ?, ?, ?, ?, ?, ?, ?, ?, ?, ?, ?, ?, ?, ?, ?, ?, ?, ?, ?, ?, ?, ? ) 
2016-12-02 12:24:08 BaseJdbcLogger.java DEBUG ==> Parameters: 341545(Integer), 2-U4L76L4(String), 0(Integer), 1575(Integer), 1575(Integer), 259(Integer), 0(Integer), 0(Integer), 239(Integer), 0(Integer), 20(Integer), 0(Integer), 1316(Integer), 1316(Integer), 0(Integer), 840(Integer), 476(Integer), 0(Integer), 0(Integer), 0(Integer), 0(Integer), 0(Integer), 0(Integer), 0(Integer), 0(Integer), 0(Integer), 0(Integer)
2016-12-02 12:24:08 BaseJdbcLogger.java DEBUG <==    Updates: 1
2016-12-02 12:24:08 BaseJdbcLogger.java DEBUG ==>  Preparing: select RECORD_ID, PACKAGE_ID, TOTAL_RENTAL_AMT, TOTAL_USE_AMT, TOTAL_AMT, VALUE_ADDED_AMT, CAILING_AMT, SP_SMS_AMT, INTERNET_AMT, WLAN_AMT, INNER_SEND_SMS_AMT, INTER_SEND_SMS_AMT, VOICE_AMT, VOICE_CALLING_AMT, VOICE_CALLED_AMT, LOC_CALLING_AMT, DDD_CALLING_AMT, IDD_CALLING_AMT, GAT_CALLING_AMT, INNER_MY_CALLING_AMT, INTER_MY_CALLING_AMT, GAT_MY_CALLING_AMT, LOC_CALLED_AMT, INNER_MY_CALLED_AMT, INTER_MY_CALLED_AMT, GAT_MY_CALLED_AMT, MMS_AMT from reBilling where RECORD_ID = ? and PACKAGE_ID = ? 
2016-12-02 12:24:08 BaseJdbcLogger.java DEBUG ==> Parameters: 341545(Integer), 2-U4L76L4(String)
2016-12-02 12:24:08 BaseJdbcLogger.java DEBUG <==      Total: 1
2016-12-02 12:24:08 JdbcTransaction.java DEBUG Rolling back JDBC Connection [com.mysql.jdbc.JDBC4Connection@551aa95a]
2016-12-02 12:24:08 JdbcTransaction.java DEBUG Resetting autocommit to true on JDBC Connection [com.mysql.jdbc.JDBC4Connection@551aa95a]
2016-12-02 12:24:08 JdbcTransaction.java DEBUG Closing JDBC Connection [com.mysql.jdbc.JDBC4Connection@551aa95a]
2016-12-02 12:24:08 PooledDataSource.java DEBUG Returned connection 1427810650 to pool.
2016-12-02 12:24:55 LogFactory.java DEBUG Logging initialized using 'class org.apache.ibatis.logging.log4j.Log4jImpl' adapter.
2016-12-02 12:24:55 PooledDataSource.java DEBUG PooledDataSource forcefully closed/removed all connections.
2016-12-02 12:24:55 PooledDataSource.java DEBUG PooledDataSource forcefully closed/removed all connections.
2016-12-02 12:24:55 PooledDataSource.java DEBUG PooledDataSource forcefully closed/removed all connections.
2016-12-02 12:24:55 PooledDataSource.java DEBUG PooledDataSource forcefully closed/removed all connections.
2016-12-02 12:24:55 JdbcTransaction.java DEBUG Opening JDBC Connection
2016-12-02 12:24:56 PooledDataSource.java DEBUG Created connection 1427810650.
2016-12-02 12:24:56 JdbcTransaction.java DEBUG Setting autocommit to false on JDBC Connection [com.mysql.jdbc.JDBC4Connection@551aa95a]
2016-12-02 12:24:56 BaseJdbcLogger.java DEBUG ==>  Preparing: select ID, DTA_DATE, PROD_SPEC_ID, INTEGRATION_CD, USER_ID, VALUE_ADDED_AMT, CAILING_AMT, CAILING_AMOUNT, SP_SMS_AMT, SP_SMS_AMOUNT, INTERNET_AMT, INTERNET_TOT_BYTES, INTERNET_DUR, INTERNET_ONLINE_TIMES, INTERNET_BILLED_DUR, I1X_AMT, I1X_TOT_BYTES, I1X_DUR, I1X_ONLINE_TIMES, I1X_BILLED_DUR, I1X_LOC_AMT, I1X_LOC_TOT_BYTES, I1X_LOC_DUR, I1X_LOC_ONLINE_TIMES, I1X_LOC_BILLED_DUR, I1X_MY_AMT, I1X_MY_TOT_BYTES, I1X_MY_DUR, I1X_MY_ONLINE_TIMES, I1X_MY_BILLED_DUR, WLAN_AMT, WLAN_TOT_BYTES, WLAN_DUR, WLAN_ONLINE_TIMES, WLAN_BILLED_DUR, WLAN_LOC_AMT, WLAN_LOC_TOT_BYTES, WLAN_LOC_DUR, WLAN_LOC_ONLINE_TIMES, WLAN_LOC_BILLED_DUR, WLAN_MY_AMT, WLAN_MY_TOT_BYTES, WLAN_MY_DUR, WLAN_MY_ONLINE_TIMES, WLAN_MY_BILLED_DUR, I3G_AMT, I3G_TOT_BYTES, I3G_DUR, I3G_ONLINE_TIMES, I3G_BILLED_DUR, I3G_LOC_AMT, I3G_LOC_TOT_BYTES, I3G_LOC_DUR, I3G_LOC_ONLINE_TIMES, I3G_LOC_BILLED_DUR, I3G_MY_AMT, I3G_MY_TOT_BYTES, I3G_MY_DUR, I3G_MY_ONLINE_TIMES, I3G_MY_BILLED_DUR, INNER_SEND_SMS_AMT, INNER_SEND_SMS_TIMES, INTER_SEND_SMS_AMT, INTER_SEND_SMS_TIMES, VOICE_TIMES, VOICE_DUR, VOICE_AMT, VOICE_BILLED_DUR, VOICE_CALLING_TIMES, VOICE_CALLING_DUR, VOICE_CALLING_AMT, VOICE_CALLING_BILLED_DUR, VOICE_CALLED_TIMES, VOICE_CALLED_DUR, VOICE_CALLED_AMT, VOICE_CALLED_BILLED_DUR, LOC_CALLING_TIMES, LOC_CALLING_DUR, LOC_CALLING_AMT, LOC_CALLING_BILLED_DUR, DDD_CALLING_TIMES, DDD_CALLING_DUR, DDD_CALLING_AMT, DDD_CALLING_BILLED_DUR, IDD_CALLING_TIMES, IDD_CALLING_DUR, IDD_CALLING_AMT, IDD_CALLING_BILLED_DUR, GAT_CALLING_TIMES, GAT_CALLING_DUR, GAT_CALLING_AMT, GAT_CALLING_BILLED_DUR, INNER_MY_CALLING_TIMES, INNER_MY_CALLING_DUR, INNER_MY_CALLING_AMT, INNER_MY_CALLING_BILLED_DUR, INTER_MY_CALLING_TIMES, INTER_MY_CALLING_DUR, INTER_MY_CALLING_AMT, INTER_MY_CALLING_BILLED_DUR, GAT_MY_CALLING_TIMES, GAT_MY_CALLING_DUR, GAT_MY_CALLING_AMT, GAT_MY_CALLING_BILLED_DUR, LOC_CALLED_TIMES, LOC_CALLED_DUR, LOC_CALLED_AMT, LOC_CALLED_BILLED_DUR, INNER_MY_CALLED_TIMES, INNER_MY_CALLED_DUR, INNER_MY_CALLED_AMT, INNER_MY_CALLED_BILLED_DUR, INTER_MY_CALLED_TIMES, INTER_MY_CALLED_DUR, INTER_MY_CALLED_AMT, INTER_MY_CALLED_BILLED_DUR, GAT_MY_CALLED_TIMES, GAT_MY_CALLED_DUR, GAT_MY_CALLED_AMT, GAT_MY_CALLED_BILLED_DUR, PROD_INST_CID, CUST_CID, ACNT_CID, TOTAL_AMT, TOTAL_RENTAL_AMT, TOTAL_USE_AMT, ITEM_DEVICE_MODEL, DEVICE_CLASS, G_TYPE, UNIT_PRICE, IF_WAP, IF_NET, WAP_TIMES, NET_TIMES, WAP_GROSS_BYTES, NET_GROSS_BYTES, RECEIVE_1X, RECEIVE_1X_M, SEND_1X, SEND_1X_M, RECEIVE_EVDO, RECEIVE_EVDO_M, SEND_EVDO, SEND_EVDO_M, RECEIVE_WIFI, RECEIVE_WIFI_M, SEND_WIFI, SEND_WIFI_M, IF_TYSX_BILL_FLAG, IF_LIVE_FLAG, IF_QQ, QQ_DTIMES, MMS_TIMES, SPMMS_TIMES, IF_SMS_FLAG, TIMES_SMS_SEND, IF_189MAIL_ACTIVE_FLAG, I4G_AMT, I4G_TOT_BYTES, I4G_DUR, I4G_ONLINE_TIMES, I4G_BILLED_DUR, I4G_LOC_AMT, I4G_LOC_TOT_BYTES, I4G_LOC_DUR, I4G_LOC_ONLINE_TIMES, I4G_LOC_BILLED_DUR, I4G_MY_AMT_IN, I4G_MY_AMT_OUT, I4G_MY_TOT_BYTES_IN, I4G_MY_TOT_BYTES_OUT, I4G_MY_DUR_IN, I4G_MY_DUR_OUT, I4G_MY_ONLINE_TIMES_IN, I4G_MY_ONLINE_TIMES_OUT, I4G_MY_BILLED_DUR_IN, I4G_MY_BILLED_DUR_OUT, PROM_NUM, PROM_NAME, SALE_POLICY_NAME, PROM_START_DT, PROM_END_DT from cdma where ID = ? 
2016-12-02 12:24:56 BaseJdbcLogger.java DEBUG ==> Parameters: 341545(Integer)
2016-12-02 12:24:56 BaseJdbcLogger.java DEBUG <==      Total: 1
2016-12-02 12:24:56 JdbcTransaction.java DEBUG Resetting autocommit to true on JDBC Connection [com.mysql.jdbc.JDBC4Connection@551aa95a]
2016-12-02 12:24:56 JdbcTransaction.java DEBUG Closing JDBC Connection [com.mysql.jdbc.JDBC4Connection@551aa95a]
2016-12-02 12:24:56 PooledDataSource.java DEBUG Returned connection 1427810650 to pool.
2016-12-02 12:24:56 JdbcTransaction.java DEBUG Opening JDBC Connection
2016-12-02 12:24:56 PooledDataSource.java DEBUG Checked out connection 1427810650 from pool.
2016-12-02 12:24:56 JdbcTransaction.java DEBUG Setting autocommit to false on JDBC Connection [com.mysql.jdbc.JDBC4Connection@551aa95a]
2016-12-02 12:24:56 BaseJdbcLogger.java DEBUG ==>  Preparing: insert into reBilling (RECORD_ID, PACKAGE_ID, TOTAL_RENTAL_AMT, TOTAL_USE_AMT, TOTAL_AMT, VALUE_ADDED_AMT, CAILING_AMT, SP_SMS_AMT, INTERNET_AMT, WLAN_AMT, INNER_SEND_SMS_AMT, INTER_SEND_SMS_AMT, VOICE_AMT, VOICE_CALLING_AMT, VOICE_CALLED_AMT, LOC_CALLING_AMT, DDD_CALLING_AMT, IDD_CALLING_AMT, GAT_CALLING_AMT, INNER_MY_CALLING_AMT, INTER_MY_CALLING_AMT, GAT_MY_CALLING_AMT, LOC_CALLED_AMT, INNER_MY_CALLED_AMT, INTER_MY_CALLED_AMT, GAT_MY_CALLED_AMT, MMS_AMT ) values (?, ?, ?, ?, ?, ?, ?, ?, ?, ?, ?, ?, ?, ?, ?, ?, ?, ?, ?, ?, ?, ?, ?, ?, ?, ?, ? ) 
2016-12-02 12:24:56 BaseJdbcLogger.java DEBUG ==> Parameters: 341545(Integer), 2-U4L76L4(String), 0(Integer), 1575(Integer), 1575(Integer), 259(Integer), 0(Integer), 0(Integer), 239(Integer), 0(Integer), 20(Integer), 0(Integer), 1316(Integer), 1316(Integer), 0(Integer), 840(Integer), 476(Integer), 0(Integer), 0(Integer), 0(Integer), 0(Integer), 0(Integer), 0(Integer), 0(Integer), 0(Integer), 0(Integer), 0(Integer)
2016-12-02 12:24:56 BaseJdbcLogger.java DEBUG <==    Updates: 1
2016-12-02 12:24:56 BaseJdbcLogger.java DEBUG ==>  Preparing: select RECORD_ID, PACKAGE_ID, TOTAL_RENTAL_AMT, TOTAL_USE_AMT, TOTAL_AMT, VALUE_ADDED_AMT, CAILING_AMT, SP_SMS_AMT, INTERNET_AMT, WLAN_AMT, INNER_SEND_SMS_AMT, INTER_SEND_SMS_AMT, VOICE_AMT, VOICE_CALLING_AMT, VOICE_CALLED_AMT, LOC_CALLING_AMT, DDD_CALLING_AMT, IDD_CALLING_AMT, GAT_CALLING_AMT, INNER_MY_CALLING_AMT, INTER_MY_CALLING_AMT, GAT_MY_CALLING_AMT, LOC_CALLED_AMT, INNER_MY_CALLED_AMT, INTER_MY_CALLED_AMT, GAT_MY_CALLED_AMT, MMS_AMT from reBilling where RECORD_ID = ? and PACKAGE_ID = ? 
2016-12-02 12:24:56 BaseJdbcLogger.java DEBUG ==> Parameters: 341545(Integer), 2-U4L76L4(String)
2016-12-02 12:24:56 BaseJdbcLogger.java DEBUG <==      Total: 1
2016-12-02 12:24:56 JdbcTransaction.java DEBUG Rolling back JDBC Connection [com.mysql.jdbc.JDBC4Connection@551aa95a]
2016-12-02 12:24:56 JdbcTransaction.java DEBUG Resetting autocommit to true on JDBC Connection [com.mysql.jdbc.JDBC4Connection@551aa95a]
2016-12-02 12:24:56 JdbcTransaction.java DEBUG Closing JDBC Connection [com.mysql.jdbc.JDBC4Connection@551aa95a]
2016-12-02 12:24:56 PooledDataSource.java DEBUG Returned connection 1427810650 to pool.
2016-12-02 12:29:45 LogFactory.java DEBUG Logging initialized using 'class org.apache.ibatis.logging.log4j.Log4jImpl' adapter.
2016-12-02 12:29:45 PooledDataSource.java DEBUG PooledDataSource forcefully closed/removed all connections.
2016-12-02 12:29:45 PooledDataSource.java DEBUG PooledDataSource forcefully closed/removed all connections.
2016-12-02 12:29:45 PooledDataSource.java DEBUG PooledDataSource forcefully closed/removed all connections.
2016-12-02 12:29:45 PooledDataSource.java DEBUG PooledDataSource forcefully closed/removed all connections.
2016-12-02 12:29:46 JdbcTransaction.java DEBUG Opening JDBC Connection
2016-12-02 12:29:46 PooledDataSource.java DEBUG Created connection 1427810650.
2016-12-02 12:29:46 JdbcTransaction.java DEBUG Setting autocommit to false on JDBC Connection [com.mysql.jdbc.JDBC4Connection@551aa95a]
2016-12-02 12:29:46 BaseJdbcLogger.java DEBUG ==>  Preparing: select ID, DTA_DATE, PROD_SPEC_ID, INTEGRATION_CD, USER_ID, VALUE_ADDED_AMT, CAILING_AMT, CAILING_AMOUNT, SP_SMS_AMT, SP_SMS_AMOUNT, INTERNET_AMT, INTERNET_TOT_BYTES, INTERNET_DUR, INTERNET_ONLINE_TIMES, INTERNET_BILLED_DUR, I1X_AMT, I1X_TOT_BYTES, I1X_DUR, I1X_ONLINE_TIMES, I1X_BILLED_DUR, I1X_LOC_AMT, I1X_LOC_TOT_BYTES, I1X_LOC_DUR, I1X_LOC_ONLINE_TIMES, I1X_LOC_BILLED_DUR, I1X_MY_AMT, I1X_MY_TOT_BYTES, I1X_MY_DUR, I1X_MY_ONLINE_TIMES, I1X_MY_BILLED_DUR, WLAN_AMT, WLAN_TOT_BYTES, WLAN_DUR, WLAN_ONLINE_TIMES, WLAN_BILLED_DUR, WLAN_LOC_AMT, WLAN_LOC_TOT_BYTES, WLAN_LOC_DUR, WLAN_LOC_ONLINE_TIMES, WLAN_LOC_BILLED_DUR, WLAN_MY_AMT, WLAN_MY_TOT_BYTES, WLAN_MY_DUR, WLAN_MY_ONLINE_TIMES, WLAN_MY_BILLED_DUR, I3G_AMT, I3G_TOT_BYTES, I3G_DUR, I3G_ONLINE_TIMES, I3G_BILLED_DUR, I3G_LOC_AMT, I3G_LOC_TOT_BYTES, I3G_LOC_DUR, I3G_LOC_ONLINE_TIMES, I3G_LOC_BILLED_DUR, I3G_MY_AMT, I3G_MY_TOT_BYTES, I3G_MY_DUR, I3G_MY_ONLINE_TIMES, I3G_MY_BILLED_DUR, INNER_SEND_SMS_AMT, INNER_SEND_SMS_TIMES, INTER_SEND_SMS_AMT, INTER_SEND_SMS_TIMES, VOICE_TIMES, VOICE_DUR, VOICE_AMT, VOICE_BILLED_DUR, VOICE_CALLING_TIMES, VOICE_CALLING_DUR, VOICE_CALLING_AMT, VOICE_CALLING_BILLED_DUR, VOICE_CALLED_TIMES, VOICE_CALLED_DUR, VOICE_CALLED_AMT, VOICE_CALLED_BILLED_DUR, LOC_CALLING_TIMES, LOC_CALLING_DUR, LOC_CALLING_AMT, LOC_CALLING_BILLED_DUR, DDD_CALLING_TIMES, DDD_CALLING_DUR, DDD_CALLING_AMT, DDD_CALLING_BILLED_DUR, IDD_CALLING_TIMES, IDD_CALLING_DUR, IDD_CALLING_AMT, IDD_CALLING_BILLED_DUR, GAT_CALLING_TIMES, GAT_CALLING_DUR, GAT_CALLING_AMT, GAT_CALLING_BILLED_DUR, INNER_MY_CALLING_TIMES, INNER_MY_CALLING_DUR, INNER_MY_CALLING_AMT, INNER_MY_CALLING_BILLED_DUR, INTER_MY_CALLING_TIMES, INTER_MY_CALLING_DUR, INTER_MY_CALLING_AMT, INTER_MY_CALLING_BILLED_DUR, GAT_MY_CALLING_TIMES, GAT_MY_CALLING_DUR, GAT_MY_CALLING_AMT, GAT_MY_CALLING_BILLED_DUR, LOC_CALLED_TIMES, LOC_CALLED_DUR, LOC_CALLED_AMT, LOC_CALLED_BILLED_DUR, INNER_MY_CALLED_TIMES, INNER_MY_CALLED_DUR, INNER_MY_CALLED_AMT, INNER_MY_CALLED_BILLED_DUR, INTER_MY_CALLED_TIMES, INTER_MY_CALLED_DUR, INTER_MY_CALLED_AMT, INTER_MY_CALLED_BILLED_DUR, GAT_MY_CALLED_TIMES, GAT_MY_CALLED_DUR, GAT_MY_CALLED_AMT, GAT_MY_CALLED_BILLED_DUR, PROD_INST_CID, CUST_CID, ACNT_CID, TOTAL_AMT, TOTAL_RENTAL_AMT, TOTAL_USE_AMT, ITEM_DEVICE_MODEL, DEVICE_CLASS, G_TYPE, UNIT_PRICE, IF_WAP, IF_NET, WAP_TIMES, NET_TIMES, WAP_GROSS_BYTES, NET_GROSS_BYTES, RECEIVE_1X, RECEIVE_1X_M, SEND_1X, SEND_1X_M, RECEIVE_EVDO, RECEIVE_EVDO_M, SEND_EVDO, SEND_EVDO_M, RECEIVE_WIFI, RECEIVE_WIFI_M, SEND_WIFI, SEND_WIFI_M, IF_TYSX_BILL_FLAG, IF_LIVE_FLAG, IF_QQ, QQ_DTIMES, MMS_TIMES, SPMMS_TIMES, IF_SMS_FLAG, TIMES_SMS_SEND, IF_189MAIL_ACTIVE_FLAG, I4G_AMT, I4G_TOT_BYTES, I4G_DUR, I4G_ONLINE_TIMES, I4G_BILLED_DUR, I4G_LOC_AMT, I4G_LOC_TOT_BYTES, I4G_LOC_DUR, I4G_LOC_ONLINE_TIMES, I4G_LOC_BILLED_DUR, I4G_MY_AMT_IN, I4G_MY_AMT_OUT, I4G_MY_TOT_BYTES_IN, I4G_MY_TOT_BYTES_OUT, I4G_MY_DUR_IN, I4G_MY_DUR_OUT, I4G_MY_ONLINE_TIMES_IN, I4G_MY_ONLINE_TIMES_OUT, I4G_MY_BILLED_DUR_IN, I4G_MY_BILLED_DUR_OUT, PROM_NUM, PROM_NAME, SALE_POLICY_NAME, PROM_START_DT, PROM_END_DT from cdma where ID = ? 
2016-12-02 12:29:46 BaseJdbcLogger.java DEBUG ==> Parameters: 341545(Integer)
2016-12-02 12:29:46 BaseJdbcLogger.java DEBUG <==      Total: 1
2016-12-02 12:29:46 JdbcTransaction.java DEBUG Resetting autocommit to true on JDBC Connection [com.mysql.jdbc.JDBC4Connection@551aa95a]
2016-12-02 12:29:46 JdbcTransaction.java DEBUG Closing JDBC Connection [com.mysql.jdbc.JDBC4Connection@551aa95a]
2016-12-02 12:29:46 PooledDataSource.java DEBUG Returned connection 1427810650 to pool.
2016-12-02 12:29:46 JdbcTransaction.java DEBUG Opening JDBC Connection
2016-12-02 12:29:46 PooledDataSource.java DEBUG Checked out connection 1427810650 from pool.
2016-12-02 12:29:46 JdbcTransaction.java DEBUG Setting autocommit to false on JDBC Connection [com.mysql.jdbc.JDBC4Connection@551aa95a]
2016-12-02 12:29:46 BaseJdbcLogger.java DEBUG ==>  Preparing: insert into reBilling (RECORD_ID, PACKAGE_ID, TOTAL_RENTAL_AMT, TOTAL_USE_AMT, TOTAL_AMT, VALUE_ADDED_AMT, CAILING_AMT, SP_SMS_AMT, INTERNET_AMT, WLAN_AMT, INNER_SEND_SMS_AMT, INTER_SEND_SMS_AMT, VOICE_AMT, VOICE_CALLING_AMT, VOICE_CALLED_AMT, LOC_CALLING_AMT, DDD_CALLING_AMT, IDD_CALLING_AMT, GAT_CALLING_AMT, INNER_MY_CALLING_AMT, INTER_MY_CALLING_AMT, GAT_MY_CALLING_AMT, LOC_CALLED_AMT, INNER_MY_CALLED_AMT, INTER_MY_CALLED_AMT, GAT_MY_CALLED_AMT, MMS_AMT ) values (?, ?, ?, ?, ?, ?, ?, ?, ?, ?, ?, ?, ?, ?, ?, ?, ?, ?, ?, ?, ?, ?, ?, ?, ?, ?, ? ) 
2016-12-02 12:29:46 BaseJdbcLogger.java DEBUG ==> Parameters: 341545(Integer), 2-U4L76L4(String), 0(Integer), 1575(Integer), 1575(Integer), 259(Integer), 0(Integer), 0(Integer), 239(Integer), 0(Integer), 20(Integer), 0(Integer), 1316(Integer), 1316(Integer), 0(Integer), 840(Integer), 476(Integer), 0(Integer), 0(Integer), 0(Integer), 0(Integer), 0(Integer), 0(Integer), 0(Integer), 0(Integer), 0(Integer), 0(Integer)
2016-12-02 12:29:46 BaseJdbcLogger.java DEBUG <==    Updates: 1
2016-12-02 12:29:46 JdbcTransaction.java DEBUG Committing JDBC Connection [com.mysql.jdbc.JDBC4Connection@551aa95a]
2016-12-02 12:29:46 JdbcTransaction.java DEBUG Resetting autocommit to true on JDBC Connection [com.mysql.jdbc.JDBC4Connection@551aa95a]
2016-12-02 12:29:46 JdbcTransaction.java DEBUG Closing JDBC Connection [com.mysql.jdbc.JDBC4Connection@551aa95a]
2016-12-02 12:29:46 PooledDataSource.java DEBUG Returned connection 1427810650 to pool.
